7/14/2022, 3:22:28 PM - INFO - Server is running on port: 3030
7/14/2022, 3:22:43 PM - INFO - Server is running on port: 3030
7/14/2022, 3:22:55 PM - DEBUG - Getting Toys
7/14/2022, 3:22:56 PM - DEBUG - Getting Toys
7/14/2022, 3:22:56 PM - DEBUG - Getting Toys
7/14/2022, 3:22:57 PM - DEBUG - Getting Toys
7/14/2022, 3:22:58 PM - DEBUG - Getting Toys
7/14/2022, 3:22:59 PM - DEBUG - Getting Toys
7/14/2022, 3:23:21 PM - DEBUG - Getting Toys
7/14/2022, 3:23:51 PM - DEBUG - Getting Toys
7/14/2022, 3:23:53 PM - DEBUG - Getting Toys
7/14/2022, 3:23:56 PM - DEBUG - Getting Toys
7/14/2022, 3:24:11 PM - DEBUG - Getting Toys
7/14/2022, 3:24:32 PM - DEBUG - Getting Toys
7/14/2022, 3:24:37 PM - DEBUG - Getting Toys
7/14/2022, 3:24:43 PM - DEBUG - Getting Toys
7/14/2022, 3:24:48 PM - DEBUG - Getting Toys
7/14/2022, 3:24:54 PM - DEBUG - Getting Toys
7/14/2022, 3:25:30 PM - DEBUG - Getting Toys
7/14/2022, 3:25:48 PM - DEBUG - Getting Toys
7/14/2022, 3:25:51 PM - DEBUG - Getting Toys
7/14/2022, 3:26:02 PM - DEBUG - Getting Toys
7/14/2022, 3:26:07 PM - DEBUG - Getting Toys
7/14/2022, 3:26:10 PM - DEBUG - Getting Toys
7/14/2022, 3:26:33 PM - DEBUG - Getting Toys
7/14/2022, 3:26:36 PM - DEBUG - Getting Toys
7/14/2022, 3:26:43 PM - DEBUG - Getting Toys
7/14/2022, 3:27:52 PM - DEBUG - Getting Toys
7/14/2022, 3:28:11 PM - DEBUG - Getting Toys
7/14/2022, 3:32:24 PM - DEBUG - Getting Toys
7/14/2022, 3:39:33 PM - DEBUG - Getting Toys
7/14/2022, 3:39:58 PM - DEBUG - Getting Toys
7/14/2022, 3:40:21 PM - DEBUG - Getting Toys
7/14/2022, 3:41:04 PM - DEBUG - Getting Toys
7/14/2022, 3:41:41 PM - DEBUG - Getting Toys
7/14/2022, 3:41:52 PM - DEBUG - Getting Toys
7/14/2022, 3:41:55 PM - DEBUG - Getting Toys
7/14/2022, 3:42:05 PM - DEBUG - Getting Toys
7/14/2022, 3:42:14 PM - DEBUG - Getting Toys
7/14/2022, 3:42:25 PM - DEBUG - Getting Toys
7/14/2022, 3:42:39 PM - DEBUG - Getting Toys
7/14/2022, 3:42:47 PM - DEBUG - Getting Toys
7/14/2022, 3:43:21 PM - DEBUG - Getting Toys
7/14/2022, 3:43:22 PM - DEBUG - Getting Toys
7/14/2022, 3:43:23 PM - DEBUG - Getting Toys
7/14/2022, 3:47:57 PM - INFO - Server is running on port: 3030
7/14/2022, 3:48:11 PM - INFO - Server is running on port: 3030
7/14/2022, 3:55:24 PM - DEBUG - Getting Toys
7/14/2022, 3:55:25 PM - DEBUG - Getting Toys
7/14/2022, 3:56:52 PM - DEBUG - Getting Toys
7/14/2022, 3:57:20 PM - DEBUG - Getting Toys
7/14/2022, 4:04:33 PM - DEBUG - Getting Toys
7/14/2022, 4:04:34 PM - DEBUG - Getting Toys
7/14/2022, 4:05:00 PM - DEBUG - Getting Toys
7/14/2022, 4:05:01 PM - DEBUG - Getting Toys
7/14/2022, 4:09:26 PM - DEBUG - Getting Toys
7/14/2022, 4:09:28 PM - DEBUG - Getting Toys
7/14/2022, 4:09:52 PM - DEBUG - Getting Toys
7/14/2022, 4:10:22 PM - DEBUG - Getting Toys
7/14/2022, 4:10:23 PM - DEBUG - Getting Toys
7/14/2022, 4:17:40 PM - DEBUG - Getting Toys
7/14/2022, 4:17:42 PM - DEBUG - Getting Toys
7/14/2022, 4:18:08 PM - DEBUG - Getting Toys
7/14/2022, 4:18:10 PM - DEBUG - Getting Toys
7/14/2022, 4:23:22 PM - DEBUG - Getting Toys
7/14/2022, 4:23:24 PM - DEBUG - Getting Toys
7/14/2022, 4:23:25 PM - DEBUG - Getting Toys
7/14/2022, 8:25:20 PM - INFO - Server is running on port: 3030
7/14/2022, 8:25:25 PM - DEBUG - Getting Toys
7/14/2022, 8:25:27 PM - DEBUG - Getting Toys
7/14/2022, 8:26:38 PM - DEBUG - Getting Toys
7/14/2022, 8:26:39 PM - DEBUG - Getting Toys
7/14/2022, 8:26:41 PM - DEBUG - Getting Toys
7/14/2022, 8:30:04 PM - DEBUG - Getting Toys
7/14/2022, 8:30:05 PM - DEBUG - Getting Toys
7/14/2022, 8:30:05 PM - DEBUG - Getting Toys
7/14/2022, 8:30:06 PM - DEBUG - Getting Toys
7/14/2022, 8:30:24 PM - DEBUG - Getting Toys
7/14/2022, 8:30:25 PM - DEBUG - Getting Toys
7/14/2022, 8:36:26 PM - DEBUG - Getting Toys
7/14/2022, 8:36:27 PM - DEBUG - Getting Toys
7/14/2022, 8:45:01 PM - DEBUG - Getting Toys
7/14/2022, 8:45:02 PM - DEBUG - Getting Toys
7/14/2022, 8:45:04 PM - DEBUG - Getting Toys
7/14/2022, 8:45:06 PM - DEBUG - Getting Toys
7/14/2022, 8:45:45 PM - DEBUG - Getting Toys
7/14/2022, 8:45:46 PM - DEBUG - Getting Toys
7/14/2022, 8:47:38 PM - DEBUG - Getting Toys
7/14/2022, 8:47:39 PM - DEBUG - Getting Toys
7/14/2022, 8:48:14 PM - DEBUG - Getting Toys
7/14/2022, 8:48:15 PM - DEBUG - Getting Toys
7/14/2022, 8:49:40 PM - DEBUG - Getting Toys
7/14/2022, 8:49:41 PM - DEBUG - Getting Toys
7/14/2022, 8:50:01 PM - DEBUG - Getting Toys
7/14/2022, 8:50:02 PM - DEBUG - Getting Toys
7/14/2022, 8:51:37 PM - DEBUG - Getting Toys
7/14/2022, 8:51:38 PM - DEBUG - Getting Toys
7/14/2022, 8:54:40 PM - DEBUG - Getting Toys
7/14/2022, 8:54:44 PM - DEBUG - Getting Toys
7/14/2022, 8:54:45 PM - DEBUG - Getting Toys
7/14/2022, 8:55:15 PM - DEBUG - Getting Toys
7/14/2022, 8:57:14 PM - DEBUG - Getting Toys
7/14/2022, 8:57:15 PM - DEBUG - Getting Toys
7/14/2022, 9:00:20 PM - DEBUG - Getting Toys
7/14/2022, 9:00:26 PM - DEBUG - Getting Toys
7/14/2022, 9:00:32 PM - DEBUG - Getting Toys
7/14/2022, 9:00:34 PM - DEBUG - Getting Toys
7/14/2022, 9:00:35 PM - DEBUG - Getting Toys
7/14/2022, 9:03:59 PM - INFO - Server is running on port: 3030
7/14/2022, 9:04:05 PM - DEBUG - Getting Toys
7/14/2022, 9:04:08 PM - DEBUG - Getting Toys
7/14/2022, 9:04:08 PM - DEBUG - Getting Toys
7/14/2022, 9:04:09 PM - DEBUG - Getting Toys
7/14/2022, 9:04:11 PM - DEBUG - Getting Toys
7/14/2022, 9:04:13 PM - DEBUG - Getting Toys
7/14/2022, 9:04:41 PM - INFO - Server is running on port: 3030
7/14/2022, 9:04:46 PM - DEBUG - Getting Toys
7/14/2022, 9:04:47 PM - DEBUG - Getting Toys
7/14/2022, 9:04:49 PM - DEBUG - Getting Toys
7/14/2022, 9:05:57 PM - INFO - Server is running on port: 3030
7/14/2022, 9:06:00 PM - INFO - Server is running on port: 3030
7/14/2022, 9:06:02 PM - DEBUG - Getting Toys
7/14/2022, 9:06:03 PM - DEBUG - Getting Toys
7/14/2022, 9:06:04 PM - DEBUG - Getting Toys
7/14/2022, 9:06:06 PM - DEBUG - Getting Toys
7/14/2022, 9:06:08 PM - DEBUG - Getting Toys
7/14/2022, 9:06:14 PM - INFO - Server is running on port: 3030
7/14/2022, 9:06:15 PM - DEBUG - Getting Toys
7/14/2022, 9:06:17 PM - DEBUG - Getting Toys
7/14/2022, 9:06:17 PM - ERROR - cannot find toys | {}
7/14/2022, 9:06:17 PM - ERROR - Failed to get toys | {}
7/14/2022, 9:06:43 PM - INFO - Server is running on port: 3030
7/14/2022, 9:06:43 PM - DEBUG - Getting Toys
7/14/2022, 9:06:44 PM - DEBUG - Getting Toys
7/14/2022, 9:06:46 PM - DEBUG - Getting Toys
7/14/2022, 9:06:49 PM - DEBUG - Getting Toys
7/14/2022, 9:09:22 PM - INFO - Server is running on port: 3030
7/14/2022, 9:09:23 PM - DEBUG - Getting Toys
7/14/2022, 9:09:24 PM - DEBUG - Getting Toys
7/14/2022, 9:09:26 PM - DEBUG - Getting Toys
7/14/2022, 9:09:29 PM - DEBUG - Getting Toys
7/14/2022, 9:10:16 PM - INFO - Server is running on port: 3030
7/14/2022, 9:10:18 PM - DEBUG - Getting Toys
7/14/2022, 9:10:19 PM - DEBUG - Getting Toys
7/14/2022, 9:10:22 PM - DEBUG - Getting Toys
7/14/2022, 9:10:24 PM - DEBUG - Getting Toys
7/14/2022, 9:10:45 PM - INFO - Server is running on port: 3030
7/14/2022, 9:10:48 PM - DEBUG - Getting Toys
7/14/2022, 9:11:21 PM - DEBUG - Getting Toys
7/14/2022, 9:11:24 PM - DEBUG - Getting Toys
7/14/2022, 9:11:25 PM - DEBUG - Getting Toys
7/14/2022, 9:12:52 PM - DEBUG - Getting Toys
7/14/2022, 9:12:54 PM - DEBUG - Getting Toys
7/14/2022, 9:13:29 PM - DEBUG - Getting Toys
7/14/2022, 9:13:30 PM - DEBUG - Getting Toys
7/14/2022, 9:13:34 PM - DEBUG - Getting Toys
7/14/2022, 9:13:36 PM - DEBUG - Getting Toys
7/14/2022, 9:14:56 PM - INFO - Server is running on port: 3030
7/14/2022, 9:15:00 PM - DEBUG - Getting Toys
7/14/2022, 9:15:02 PM - DEBUG - Getting Toys
7/14/2022, 9:15:07 PM - INFO - Server is running on port: 3030
7/14/2022, 9:15:09 PM - DEBUG - Getting Toys
7/14/2022, 9:15:12 PM - DEBUG - Getting Toys
7/14/2022, 9:15:14 PM - DEBUG - Getting Toys
7/14/2022, 9:15:16 PM - DEBUG - Getting Toys
7/14/2022, 9:15:17 PM - DEBUG - Getting Toys
7/14/2022, 9:15:23 PM - DEBUG - Getting Toys
7/14/2022, 9:15:28 PM - INFO - Server is running on port: 3030
7/14/2022, 9:15:29 PM - DEBUG - Getting Toys
7/14/2022, 9:15:30 PM - DEBUG - Getting Toys
7/14/2022, 9:15:31 PM - DEBUG - Getting Toys
7/14/2022, 9:15:37 PM - DEBUG - Getting Toys
7/14/2022, 9:15:55 PM - INFO - Server is running on port: 3030
7/14/2022, 9:15:58 PM - DEBUG - Getting Toys
7/14/2022, 9:15:58 PM - ERROR - cannot find toys | {}
7/14/2022, 9:15:58 PM - ERROR - Failed to get toys | {}
7/14/2022, 9:16:02 PM - DEBUG - Getting Toys
7/14/2022, 9:16:02 PM - ERROR - cannot find toys | {}
7/14/2022, 9:16:02 PM - ERROR - Failed to get toys | {}
7/14/2022, 9:16:06 PM - DEBUG - Getting Toys
7/14/2022, 9:16:06 PM - ERROR - cannot find toys | {}
7/14/2022, 9:16:06 PM - ERROR - Failed to get toys | {}
7/14/2022, 9:16:08 PM - DEBUG - Getting Toys
7/14/2022, 9:16:08 PM - ERROR - cannot find toys | {}
7/14/2022, 9:16:08 PM - ERROR - Failed to get toys | {}
7/14/2022, 9:16:10 PM - DEBUG - Getting Toys
7/14/2022, 9:16:12 PM - DEBUG - Getting Toys
7/14/2022, 9:16:21 PM - INFO - Server is running on port: 3030
7/14/2022, 9:16:24 PM - DEBUG - Getting Toys
7/14/2022, 9:16:26 PM - DEBUG - Getting Toys
7/14/2022, 9:21:56 PM - DEBUG - Getting Toys
7/14/2022, 9:21:59 PM - DEBUG - Getting Toys
7/14/2022, 9:22:00 PM - DEBUG - Getting Toys
7/14/2022, 9:22:01 PM - DEBUG - Getting Toys
7/14/2022, 9:22:13 PM - DEBUG - Getting Toys
7/14/2022, 9:22:14 PM - DEBUG - Getting Toys
7/14/2022, 9:41:26 PM - INFO - Server is running on port: 3030
7/14/2022, 9:41:33 PM - DEBUG - Getting Toys
7/14/2022, 9:41:37 PM - DEBUG - Getting Toys
7/14/2022, 9:41:39 PM - DEBUG - Getting Toys
7/14/2022, 9:41:40 PM - DEBUG - Getting Toys
7/14/2022, 9:41:42 PM - DEBUG - Getting Toys
7/14/2022, 9:41:44 PM - DEBUG - Getting Toys
7/14/2022, 9:41:47 PM - DEBUG - Getting Toys
7/14/2022, 9:41:56 PM - DEBUG - Getting Toys
7/14/2022, 9:42:53 PM - INFO - Server is running on port: 3030
7/14/2022, 9:42:55 PM - DEBUG - Getting Toys
7/14/2022, 9:42:56 PM - DEBUG - Getting Toys
7/14/2022, 9:42:58 PM - DEBUG - Getting Toys
7/14/2022, 9:42:58 PM - ERROR - cannot find toys | {}
7/14/2022, 9:42:58 PM - ERROR - Failed to get toys | {}
7/14/2022, 9:43:02 PM - DEBUG - Getting Toys
7/14/2022, 9:43:02 PM - ERROR - cannot find toys | {}
7/14/2022, 9:43:02 PM - ERROR - Failed to get toys | {}
7/14/2022, 9:43:05 PM - DEBUG - Getting Toys
7/14/2022, 9:43:05 PM - ERROR - cannot find toys | {}
7/14/2022, 9:43:05 PM - ERROR - Failed to get toys | {}
7/14/2022, 9:43:07 PM - DEBUG - Getting Toys
7/14/2022, 9:43:07 PM - ERROR - cannot find toys | {}
7/14/2022, 9:43:07 PM - ERROR - Failed to get toys | {}
7/14/2022, 9:43:29 PM - DEBUG - Getting Toys
7/14/2022, 9:43:30 PM - DEBUG - Getting Toys
7/14/2022, 9:43:32 PM - DEBUG - Getting Toys
7/14/2022, 9:43:32 PM - ERROR - cannot find toys | {}
7/14/2022, 9:43:32 PM - ERROR - Failed to get toys | {}
7/14/2022, 9:44:07 PM - INFO - Server is running on port: 3030
7/14/2022, 9:44:09 PM - DEBUG - Getting Toys
7/14/2022, 9:44:10 PM - DEBUG - Getting Toys
7/14/2022, 9:44:11 PM - DEBUG - Getting Toys
7/14/2022, 9:44:13 PM - DEBUG - Getting Toys
7/14/2022, 9:47:41 PM - INFO - Server is running on port: 3030
7/14/2022, 9:47:44 PM - DEBUG - Getting Toys
7/14/2022, 9:47:45 PM - DEBUG - Getting Toys
7/14/2022, 9:47:46 PM - DEBUG - Getting Toys
7/14/2022, 9:47:49 PM - DEBUG - Getting Toys
7/14/2022, 9:48:47 PM - INFO - Server is running on port: 3030
7/14/2022, 9:48:51 PM - DEBUG - Getting Toys
7/14/2022, 9:48:53 PM - DEBUG - Getting Toys
7/14/2022, 9:48:55 PM - DEBUG - Getting Toys
7/14/2022, 9:48:57 PM - DEBUG - Getting Toys
7/14/2022, 9:48:59 PM - DEBUG - Getting Toys
7/14/2022, 9:49:02 PM - DEBUG - Getting Toys
7/14/2022, 9:49:15 PM - INFO - Server is running on port: 3030
7/14/2022, 9:49:18 PM - DEBUG - Getting Toys
7/14/2022, 9:49:20 PM - DEBUG - Getting Toys
7/14/2022, 9:50:14 PM - DEBUG - Getting Toys
7/14/2022, 9:54:11 PM - DEBUG - Getting Toys
7/15/2022, 8:07:29 AM - INFO - Server is running on port: 3030
7/15/2022, 8:07:35 AM - DEBUG - Getting Toys
7/15/2022, 8:08:02 AM - DEBUG - Getting Toys
7/15/2022, 8:08:07 AM - DEBUG - Getting Toys
7/15/2022, 8:11:27 AM - INFO - Server is running on port: 3030
7/15/2022, 8:11:31 AM - DEBUG - Getting Toys
7/15/2022, 8:11:33 AM - DEBUG - Getting Toys
7/15/2022, 8:54:31 AM - INFO - Server is running on port: 3030
7/15/2022, 8:55:27 AM - DEBUG - Getting Toys
7/15/2022, 8:55:28 AM - DEBUG - Getting Toys
7/15/2022, 8:57:19 AM - DEBUG - Getting Toys
7/15/2022, 8:57:19 AM - DEBUG - Getting Toys
7/15/2022, 8:57:20 AM - DEBUG - Getting Toys
7/15/2022, 8:57:51 AM - INFO - Server is running on port: 3030
7/15/2022, 8:57:55 AM - DEBUG - Getting Toys
7/15/2022, 8:57:56 AM - DEBUG - Getting Toys
7/15/2022, 9:00:55 AM - DEBUG - Getting Toys
7/15/2022, 9:00:57 AM - DEBUG - Getting Toys
7/15/2022, 9:02:36 AM - DEBUG - Getting Toys
7/15/2022, 9:03:55 AM - DEBUG - Getting Toys
7/15/2022, 9:03:56 AM - DEBUG - Getting Toys
7/15/2022, 9:03:58 AM - DEBUG - auth.service - login with username: yak
7/15/2022, 9:03:58 AM - ERROR - Failed to Login Error: Invalid username or password
7/15/2022, 9:04:15 AM - DEBUG - auth.service - login with username: AHatton
7/15/2022, 9:04:15 AM - INFO - User login:  | {"_id":"62d0fa79ce8b8212aa4a12c7","fullName":"Chanel Love","balance":21,"username":"AHatton","gender":"F","birthdate":"1986-02-16T06:49:10.374Z","isAdmin":false}
7/15/2022, 9:25:40 AM - DEBUG - Getting Toys
7/15/2022, 9:35:56 AM - DEBUG - Getting Toys
7/15/2022, 9:35:57 AM - DEBUG - Getting Toys
7/15/2022, 9:35:59 AM - DEBUG - Getting Toys
7/15/2022, 9:36:26 AM - DEBUG - Getting Toys
7/15/2022, 9:36:27 AM - DEBUG - Getting Toys
7/15/2022, 9:36:29 AM - DEBUG - Getting Toys
7/15/2022, 9:39:15 AM - DEBUG - Getting Toys
7/15/2022, 9:39:16 AM - DEBUG - Getting Toys
7/15/2022, 9:39:50 AM - DEBUG - Getting Toys
7/15/2022, 9:39:51 AM - DEBUG - Getting Toys
7/15/2022, 9:41:02 AM - DEBUG - Getting Toys
7/15/2022, 9:41:03 AM - DEBUG - Getting Toys
7/15/2022, 9:42:55 AM - DEBUG - Getting Toys
7/15/2022, 9:42:56 AM - DEBUG - Getting Toys
7/15/2022, 9:45:13 AM - DEBUG - Getting Toys
7/15/2022, 9:45:14 AM - DEBUG - Getting Toys
7/15/2022, 9:49:39 AM - DEBUG - Getting Toys
7/15/2022, 9:49:40 AM - DEBUG - Getting Toys
7/15/2022, 9:50:15 AM - DEBUG - Getting Toys
7/15/2022, 9:50:16 AM - DEBUG - Getting Toys
7/15/2022, 9:50:43 AM - DEBUG - Getting Toys
7/15/2022, 9:50:44 AM - DEBUG - Getting Toys
7/15/2022, 9:51:12 AM - DEBUG - Getting Toys
7/15/2022, 9:51:13 AM - DEBUG - Getting Toys
7/15/2022, 9:51:13 AM - DEBUG - Getting Toys
7/15/2022, 9:51:14 AM - DEBUG - Getting Toys
7/15/2022, 9:51:23 AM - DEBUG - Getting Toys
7/15/2022, 9:51:24 AM - DEBUG - Getting Toys
7/15/2022, 9:51:36 AM - DEBUG - Getting Toys
7/15/2022, 9:51:38 AM - DEBUG - Getting Toys
7/15/2022, 9:52:28 AM - DEBUG - Getting Toys
7/15/2022, 9:52:29 AM - DEBUG - Getting Toys
7/15/2022, 9:53:26 AM - DEBUG - Getting Toys
7/15/2022, 9:53:27 AM - DEBUG - Getting Toys
7/15/2022, 9:53:38 AM - DEBUG - Getting Toys
7/15/2022, 9:53:39 AM - DEBUG - Getting Toys
7/15/2022, 9:53:46 AM - DEBUG - Getting Toys
7/15/2022, 9:53:47 AM - DEBUG - Getting Toys
7/15/2022, 9:53:57 AM - DEBUG - auth.service - login with username: AHatton
7/15/2022, 9:53:57 AM - INFO - User login:  | {"_id":"62d0fa79ce8b8212aa4a12c7","fullName":"Chanel Love","balance":21,"username":"AHatton","gender":"F","birthdate":"1986-02-16T06:49:10.374Z","isAdmin":false}
7/15/2022, 9:54:55 AM - DEBUG - Getting Toys
7/15/2022, 9:54:56 AM - DEBUG - Getting Toys
7/15/2022, 9:55:07 AM - DEBUG - auth.service - login with username: AHatton
7/15/2022, 9:55:07 AM - INFO - User login:  | {"_id":"62d0fa79ce8b8212aa4a12c7","fullName":"Chanel Love","balance":21,"username":"AHatton","gender":"F","birthdate":"1986-02-16T06:49:10.374Z","isAdmin":false}
7/15/2022, 9:56:49 AM - DEBUG - Getting Toys
7/15/2022, 9:59:50 AM - DEBUG - Getting Toys
7/15/2022, 9:59:51 AM - DEBUG - Getting Toys
7/15/2022, 9:59:52 AM - DEBUG - Getting Toys
7/15/2022, 9:59:53 AM - DEBUG - Getting Toys
7/15/2022, 10:00:00 AM - DEBUG - auth.service - login with username: AHatton
7/15/2022, 10:00:00 AM - INFO - User login:  | {"_id":"62d0fa79ce8b8212aa4a12c7","fullName":"Chanel Love","balance":21,"username":"AHatton","gender":"F","birthdate":"1986-02-16T06:49:10.374Z","isAdmin":false}
7/15/2022, 10:00:15 AM - DEBUG - Getting Toys
7/15/2022, 10:00:17 AM - DEBUG - Getting Toys
7/15/2022, 10:00:31 AM - DEBUG - Getting Toys
7/15/2022, 10:00:32 AM - DEBUG - Getting Toys
7/15/2022, 10:08:05 AM - DEBUG - auth.service - login with username: AHatton
7/15/2022, 10:08:05 AM - INFO - User login:  | {"_id":"62d0fa79ce8b8212aa4a12c7","fullName":"Chanel Love","balance":21,"username":"AHatton","gender":"F","birthdate":"1986-02-16T06:49:10.374Z","isAdmin":false}
7/15/2022, 10:09:18 AM - DEBUG - Getting Toys
7/15/2022, 10:09:19 AM - DEBUG - Getting Toys
7/15/2022, 10:09:28 AM - DEBUG - auth.service - login with username: AHatton
7/15/2022, 10:09:28 AM - INFO - User login:  | {"_id":"62d0fa79ce8b8212aa4a12c7","fullName":"Chanel Love","balance":21,"username":"AHatton","gender":"F","birthdate":"1986-02-16T06:49:10.374Z","isAdmin":false}
7/15/2022, 10:13:48 AM - DEBUG - Getting Toys
7/15/2022, 10:13:50 AM - DEBUG - Getting Toys
7/15/2022, 10:15:02 AM - DEBUG - Getting Toys
7/15/2022, 10:15:04 AM - DEBUG - Getting Toys
7/15/2022, 10:16:43 AM - DEBUG - Getting Toys
7/15/2022, 10:16:45 AM - DEBUG - Getting Toys
7/15/2022, 10:17:16 AM - DEBUG - Getting Toys
7/15/2022, 10:17:17 AM - DEBUG - Getting Toys
7/15/2022, 10:17:32 AM - DEBUG - auth.service - login with username: AHatton
7/15/2022, 10:17:32 AM - INFO - User login:  | {"_id":"62d0fa79ce8b8212aa4a12c7","fullName":"Chanel Love","balance":21,"username":"AHatton","gender":"F","birthdate":"1986-02-16T06:49:10.374Z","isAdmin":false}
7/15/2022, 10:18:48 AM - DEBUG - Getting Toys
7/15/2022, 10:18:49 AM - DEBUG - Getting Toys
7/15/2022, 10:18:50 AM - DEBUG - Getting Toys
7/15/2022, 10:18:51 AM - DEBUG - Getting Toys
7/15/2022, 10:19:07 AM - DEBUG - auth.service - login with username: AHatton
7/15/2022, 10:19:07 AM - INFO - User login:  | {"_id":"62d0fa79ce8b8212aa4a12c7","fullName":"Chanel Love","balance":21,"username":"AHatton","gender":"F","birthdate":"1986-02-16T06:49:10.374Z","isAdmin":false}
7/15/2022, 10:19:21 AM - DEBUG - Getting Toys
7/15/2022, 10:19:23 AM - DEBUG - Getting Toys
7/15/2022, 10:19:51 AM - DEBUG - auth.service - login with username: AHatton
7/15/2022, 10:19:51 AM - INFO - User login:  | {"_id":"62d0fa79ce8b8212aa4a12c7","fullName":"Chanel Love","balance":21,"username":"AHatton","gender":"F","birthdate":"1986-02-16T06:49:10.374Z","isAdmin":false}
7/15/2022, 10:20:38 AM - DEBUG - Getting Toys
7/15/2022, 10:20:39 AM - DEBUG - Getting Toys
7/15/2022, 10:20:45 AM - DEBUG - auth.service - login with username: AHatton
7/15/2022, 10:20:45 AM - INFO - User login:  | {"_id":"62d0fa79ce8b8212aa4a12c7","fullName":"Chanel Love","balance":21,"username":"AHatton","gender":"F","birthdate":"1986-02-16T06:49:10.374Z","isAdmin":false}
7/15/2022, 10:21:00 AM - DEBUG - Getting Toys
7/15/2022, 10:21:02 AM - DEBUG - Getting Toys
7/15/2022, 10:21:55 AM - DEBUG - Getting Toys
7/15/2022, 10:21:56 AM - DEBUG - Getting Toys
7/15/2022, 10:22:03 AM - DEBUG - auth.service - login with username: AHatton
7/15/2022, 10:22:03 AM - INFO - User login:  | {"_id":"62d0fa79ce8b8212aa4a12c7","fullName":"Chanel Love","balance":21,"username":"AHatton","gender":"F","birthdate":"1986-02-16T06:49:10.374Z","isAdmin":false}
7/15/2022, 10:23:06 AM - DEBUG - Getting Toys
7/15/2022, 10:23:07 AM - DEBUG - Getting Toys
7/15/2022, 10:23:15 AM - DEBUG - auth.service - login with username: AHatton
7/15/2022, 10:23:15 AM - INFO - User login:  | {"_id":"62d0fa79ce8b8212aa4a12c7","fullName":"Chanel Love","balance":21,"username":"AHatton","gender":"F","birthdate":"1986-02-16T06:49:10.374Z","isAdmin":false}
7/15/2022, 10:23:27 AM - DEBUG - Getting Toys
7/15/2022, 10:23:28 AM - DEBUG - Getting Toys
7/15/2022, 10:23:33 AM - DEBUG - auth.service - login with username: AHatton
7/15/2022, 10:23:33 AM - INFO - User login:  | {"_id":"62d0fa79ce8b8212aa4a12c7","fullName":"Chanel Love","balance":21,"username":"AHatton","gender":"F","birthdate":"1986-02-16T06:49:10.374Z","isAdmin":false}
7/15/2022, 10:24:08 AM - DEBUG - Getting Toys
7/15/2022, 10:24:51 AM - DEBUG - Getting Toys
7/15/2022, 10:24:52 AM - DEBUG - Getting Toys
7/15/2022, 10:25:00 AM - DEBUG - auth.service - login with username: AHatton
7/15/2022, 10:25:00 AM - INFO - User login:  | {"_id":"62d0fa79ce8b8212aa4a12c7","fullName":"Chanel Love","balance":21,"username":"AHatton","gender":"F","birthdate":"1986-02-16T06:49:10.374Z","isAdmin":false}
7/15/2022, 10:26:45 AM - DEBUG - Getting Toys
7/15/2022, 10:26:46 AM - DEBUG - Getting Toys
7/15/2022, 10:26:55 AM - DEBUG - auth.service - login with username: AHatton
7/15/2022, 10:26:55 AM - INFO - User login:  | {"_id":"62d0fa79ce8b8212aa4a12c7","fullName":"Chanel Love","balance":21,"username":"AHatton","gender":"F","birthdate":"1986-02-16T06:49:10.374Z","isAdmin":false}
7/15/2022, 10:27:56 AM - DEBUG - Getting Toys
7/15/2022, 10:27:57 AM - DEBUG - Getting Toys
7/15/2022, 10:28:48 AM - DEBUG - auth.service - login with username: AHatton
7/15/2022, 10:28:48 AM - INFO - User login:  | {"_id":"62d0fa79ce8b8212aa4a12c7","fullName":"Chanel Love","balance":21,"username":"AHatton","gender":"F","birthdate":"1986-02-16T06:49:10.374Z","isAdmin":false}
7/15/2022, 10:29:00 AM - DEBUG - Getting Toys
7/15/2022, 10:29:01 AM - DEBUG - Getting Toys
7/15/2022, 10:29:13 AM - DEBUG - auth.service - login with username: AHatton
7/15/2022, 10:29:13 AM - INFO - User login:  | {"_id":"62d0fa79ce8b8212aa4a12c7","fullName":"Chanel Love","balance":21,"username":"AHatton","gender":"F","birthdate":"1986-02-16T06:49:10.374Z","isAdmin":false}
7/15/2022, 10:30:40 AM - DEBUG - Getting Toys
7/15/2022, 10:30:41 AM - DEBUG - Getting Toys
7/15/2022, 10:30:48 AM - DEBUG - auth.service - login with username: AHatton
7/15/2022, 10:30:48 AM - INFO - User login:  | {"_id":"62d0fa79ce8b8212aa4a12c7","fullName":"Chanel Love","balance":21,"username":"AHatton","gender":"F","birthdate":"1986-02-16T06:49:10.374Z","isAdmin":false}
7/15/2022, 10:31:43 AM - DEBUG - Getting Toys
7/15/2022, 10:31:43 AM - DEBUG - Getting Toys
7/15/2022, 10:31:44 AM - DEBUG - Getting Toys
7/15/2022, 10:31:51 AM - DEBUG - auth.service - login with username: AHatton
7/15/2022, 10:31:51 AM - INFO - User login:  | {"_id":"62d0fa79ce8b8212aa4a12c7","fullName":"Chanel Love","balance":21,"username":"AHatton","gender":"F","birthdate":"1986-02-16T06:49:10.374Z","isAdmin":false}
7/15/2022, 10:32:29 AM - DEBUG - Getting Toys
7/15/2022, 10:32:30 AM - DEBUG - Getting Toys
7/15/2022, 10:32:37 AM - DEBUG - auth.service - login with username: AHatton
7/15/2022, 10:32:37 AM - INFO - User login:  | {"_id":"62d0fa79ce8b8212aa4a12c7","fullName":"Chanel Love","balance":21,"username":"AHatton","gender":"F","birthdate":"1986-02-16T06:49:10.374Z","isAdmin":false}
7/15/2022, 10:33:29 AM - DEBUG - Getting Toys
7/15/2022, 10:33:30 AM - DEBUG - Getting Toys
7/15/2022, 10:33:39 AM - DEBUG - auth.service - login with username: AHatton
7/15/2022, 10:33:39 AM - INFO - User login:  | {"_id":"62d0fa79ce8b8212aa4a12c7","fullName":"Chanel Love","balance":21,"username":"AHatton","gender":"F","birthdate":"1986-02-16T06:49:10.374Z","isAdmin":false}
7/15/2022, 10:33:44 AM - DEBUG - Getting Toys
7/15/2022, 10:40:15 AM - DEBUG - auth.service - login with username: sdknf
7/15/2022, 10:40:15 AM - ERROR - Failed to Login Error: Invalid username or password
7/15/2022, 10:41:56 AM - DEBUG - Getting Toys
7/15/2022, 10:41:58 AM - DEBUG - Getting Toys
7/15/2022, 10:42:03 AM - DEBUG - auth.service - login with username: dfsa
7/15/2022, 10:42:03 AM - ERROR - Failed to Login Error: Invalid username or password
7/15/2022, 10:42:13 AM - DEBUG - auth.service - login with username: AHatton
7/15/2022, 10:42:13 AM - INFO - User login:  | {"_id":"62d0fa79ce8b8212aa4a12c7","fullName":"Chanel Love","balance":21,"username":"AHatton","gender":"F","birthdate":"1986-02-16T06:49:10.374Z","isAdmin":false}
7/15/2022, 10:42:46 AM - DEBUG - Getting Toys
7/15/2022, 10:42:47 AM - DEBUG - Getting Toys
7/15/2022, 10:42:53 AM - DEBUG - auth.service - login with username: AHatton
7/15/2022, 10:42:53 AM - INFO - User login:  | {"_id":"62d0fa79ce8b8212aa4a12c7","fullName":"Chanel Love","balance":21,"username":"AHatton","gender":"F","birthdate":"1986-02-16T06:49:10.374Z","isAdmin":false}
7/15/2022, 10:42:58 AM - DEBUG - Getting Toys
7/15/2022, 10:43:01 AM - DEBUG - auth.service - login with username: dgnds
7/15/2022, 10:43:01 AM - ERROR - Failed to Login Error: Invalid username or password
7/15/2022, 10:44:38 AM - DEBUG - Getting Toys
7/15/2022, 10:44:39 AM - DEBUG - Getting Toys
7/15/2022, 10:44:49 AM - DEBUG - auth.service - login with username: AHatton
7/15/2022, 10:44:49 AM - INFO - User login:  | {"_id":"62d0fa79ce8b8212aa4a12c7","fullName":"Chanel Love","balance":21,"username":"AHatton","gender":"F","birthdate":"1986-02-16T06:49:10.374Z","isAdmin":false}
7/15/2022, 10:44:53 AM - DEBUG - Getting Toys
7/15/2022, 10:45:03 AM - DEBUG - Getting Toys
7/15/2022, 10:45:04 AM - DEBUG - Getting Toys
7/15/2022, 10:45:21 AM - DEBUG - Getting Toys
7/15/2022, 10:45:22 AM - DEBUG - Getting Toys
7/15/2022, 10:45:23 AM - DEBUG - Getting Toys
7/15/2022, 10:45:24 AM - DEBUG - Getting Toys
7/15/2022, 10:45:29 AM - DEBUG - auth.service - login with username: AHatton
7/15/2022, 10:45:29 AM - INFO - User login:  | {"_id":"62d0fa79ce8b8212aa4a12c7","fullName":"Chanel Love","balance":21,"username":"AHatton","gender":"F","birthdate":"1986-02-16T06:49:10.374Z","isAdmin":false}
7/15/2022, 10:46:00 AM - DEBUG - Getting Toys
7/15/2022, 10:46:01 AM - DEBUG - Getting Toys
7/15/2022, 10:46:07 AM - DEBUG - auth.service - login with username: AHatton
7/15/2022, 10:46:08 AM - INFO - User login:  | {"_id":"62d0fa79ce8b8212aa4a12c7","fullName":"Chanel Love","balance":21,"username":"AHatton","gender":"F","birthdate":"1986-02-16T06:49:10.374Z","isAdmin":false}
7/15/2022, 10:46:11 AM - DEBUG - Getting Toys
7/15/2022, 10:46:13 AM - DEBUG - Getting Toys
7/15/2022, 10:46:14 AM - DEBUG - Getting Toys
7/15/2022, 10:47:33 AM - DEBUG - Getting Toys
7/15/2022, 10:59:39 AM - DEBUG - Getting Toys
7/15/2022, 10:59:41 AM - DEBUG - Getting Toys
7/15/2022, 11:01:36 AM - DEBUG - Getting Toys
7/15/2022, 11:01:37 AM - DEBUG - Getting Toys
7/15/2022, 11:01:47 AM - DEBUG - Getting Toys
7/15/2022, 11:01:48 AM - DEBUG - Getting Toys
7/15/2022, 11:02:19 AM - DEBUG - Getting Toys
7/15/2022, 11:02:20 AM - DEBUG - Getting Toys
7/15/2022, 11:02:51 AM - DEBUG - Getting Toys
7/15/2022, 11:03:00 AM - DEBUG - Getting Toys
7/15/2022, 11:03:51 AM - DEBUG - Getting Toys
7/15/2022, 11:03:52 AM - DEBUG - Getting Toys
7/15/2022, 11:04:38 AM - DEBUG - Getting Toys
7/15/2022, 11:04:47 AM - DEBUG - Getting Toys
7/15/2022, 11:04:48 AM - DEBUG - Getting Toys
7/15/2022, 11:04:49 AM - DEBUG - Getting Toys
7/15/2022, 11:04:50 AM - DEBUG - Getting Toys
7/15/2022, 11:05:01 AM - DEBUG - Getting Toys
7/15/2022, 11:05:03 AM - DEBUG - Getting Toys
7/15/2022, 11:05:11 AM - DEBUG - Getting Toys
7/15/2022, 11:05:41 AM - DEBUG - Getting Toys
7/15/2022, 11:05:42 AM - DEBUG - Getting Toys
7/15/2022, 11:10:58 AM - DEBUG - auth.service - login with username: AHatton
7/15/2022, 11:10:58 AM - INFO - User login:  | {"_id":"62d0fa79ce8b8212aa4a12c7","fullName":"Chanel Love","balance":21,"username":"AHatton","gender":"F","birthdate":"1986-02-16T06:49:10.374Z","isAdmin":false}
7/15/2022, 11:11:53 AM - DEBUG - auth.service - login with username: AHatton
7/15/2022, 11:11:53 AM - INFO - User login:  | {"_id":"62d0fa79ce8b8212aa4a12c7","fullName":"Chanel Love","balance":21,"username":"AHatton","gender":"F","birthdate":"1986-02-16T06:49:10.374Z","isAdmin":false}
7/15/2022, 11:12:11 AM - DEBUG - Getting Toys
7/15/2022, 11:12:12 AM - DEBUG - Getting Toys
7/15/2022, 11:12:20 AM - DEBUG - auth.service - login with username: AHatton
7/15/2022, 11:12:20 AM - INFO - User login:  | {"_id":"62d0fa79ce8b8212aa4a12c7","fullName":"Chanel Love","balance":21,"username":"AHatton","gender":"F","birthdate":"1986-02-16T06:49:10.374Z","isAdmin":false}
7/15/2022, 11:12:55 AM - DEBUG - auth.service - login with username: AHatton
7/15/2022, 11:12:55 AM - INFO - User login:  | {"_id":"62d0fa79ce8b8212aa4a12c7","fullName":"Chanel Love","balance":21,"username":"AHatton","gender":"F","birthdate":"1986-02-16T06:49:10.374Z","isAdmin":false}
7/15/2022, 11:13:02 AM - DEBUG - auth.service - login with username: dfdsf
7/15/2022, 11:13:02 AM - ERROR - Failed to Login Error: Invalid username or password
7/15/2022, 11:13:28 AM - DEBUG - auth.service - login with username: AHatton
7/15/2022, 11:13:28 AM - INFO - User login:  | {"_id":"62d0fa79ce8b8212aa4a12c7","fullName":"Chanel Love","balance":21,"username":"AHatton","gender":"F","birthdate":"1986-02-16T06:49:10.374Z","isAdmin":false}
7/15/2022, 11:15:43 AM - DEBUG - Getting Toys
7/15/2022, 11:15:45 AM - DEBUG - Getting Toys
7/15/2022, 11:15:52 AM - DEBUG - Getting Toys
7/15/2022, 11:15:53 AM - DEBUG - Getting Toys
7/15/2022, 11:16:00 AM - DEBUG - auth.service - login with username: AHatton
7/15/2022, 11:16:00 AM - INFO - User login:  | {"_id":"62d0fa79ce8b8212aa4a12c7","fullName":"Chanel Love","balance":21,"username":"AHatton","gender":"F","birthdate":"1986-02-16T06:49:10.374Z","isAdmin":false}
7/15/2022, 11:17:19 AM - DEBUG - Getting Toys
7/15/2022, 11:17:20 AM - DEBUG - Getting Toys
7/15/2022, 11:17:22 AM - DEBUG - auth.service - login with username: afas
7/15/2022, 11:17:22 AM - ERROR - Failed to Login Error: Invalid username or password
7/15/2022, 11:17:31 AM - DEBUG - auth.service - login with username: AHatton
7/15/2022, 11:17:31 AM - INFO - User login:  | {"_id":"62d0fa79ce8b8212aa4a12c7","fullName":"Chanel Love","balance":21,"username":"AHatton","gender":"F","birthdate":"1986-02-16T06:49:10.374Z","isAdmin":false}
7/15/2022, 11:29:16 AM - DEBUG - Getting Toys
7/15/2022, 11:29:17 AM - DEBUG - Getting Toys
7/15/2022, 11:32:06 AM - DEBUG - Getting Toys
7/15/2022, 11:32:08 AM - DEBUG - Getting Toys
7/15/2022, 11:35:38 AM - DEBUG - Getting Toys
7/15/2022, 11:36:19 AM - DEBUG - Getting Toys
7/15/2022, 11:36:21 AM - DEBUG - Getting Toys
7/15/2022, 11:36:21 AM - DEBUG - Getting Toys
7/15/2022, 11:36:22 AM - DEBUG - Getting Toys
7/15/2022, 11:36:26 AM - DEBUG - auth.service - login with username: dfds
7/15/2022, 11:36:26 AM - ERROR - Failed to Login Error: Invalid username or password
7/15/2022, 11:36:35 AM - DEBUG - auth.service - login with username: AHatton
7/15/2022, 11:36:35 AM - INFO - User login:  | {"_id":"62d0fa79ce8b8212aa4a12c7","fullName":"Chanel Love","balance":21,"username":"AHatton","gender":"F","birthdate":"1986-02-16T06:49:10.374Z","isAdmin":false}
7/15/2022, 11:48:06 AM - DEBUG - Getting Toys
7/15/2022, 11:48:07 AM - DEBUG - Getting Toys
7/15/2022, 12:40:01 PM - DEBUG - Getting Toys
7/15/2022, 12:40:04 PM - DEBUG - Getting Toys
7/15/2022, 12:51:34 PM - DEBUG - Getting Toys
7/15/2022, 12:51:35 PM - DEBUG - Getting Toys
7/15/2022, 12:53:45 PM - DEBUG - auth.service - login with username: AHatton
7/15/2022, 12:53:45 PM - INFO - User login:  | {"_id":"62d137f2ce8b8212aa4a12ca","fullName":"Chanel Love","username":"AHatton","isAdmin":false}
7/15/2022, 12:57:44 PM - DEBUG - auth.service - login with username: AHatton
7/15/2022, 12:57:44 PM - INFO - User login:  | {"_id":"62d137f2ce8b8212aa4a12ca","fullName":"Chanel Love","username":"AHatton","isAdmin":false}
7/15/2022, 12:59:43 PM - DEBUG - Getting Toys
7/15/2022, 12:59:51 PM - DEBUG - Getting Toys
7/15/2022, 1:03:03 PM - DEBUG - Getting Toys
7/15/2022, 1:03:04 PM - DEBUG - Getting Toys
7/15/2022, 1:03:11 PM - DEBUG - auth.service - login with username: AHatton
7/15/2022, 1:03:12 PM - INFO - User login:  | {"_id":"62d137f2ce8b8212aa4a12ca","fullName":"Chanel Love","username":"AHatton","isAdmin":false}
7/15/2022, 1:03:56 PM - DEBUG - Getting Toys
7/15/2022, 1:03:57 PM - DEBUG - Getting Toys
7/15/2022, 1:06:57 PM - DEBUG - Getting Toys
7/15/2022, 1:07:00 PM - DEBUG - Getting Toys
7/15/2022, 1:08:48 PM - DEBUG - Getting Toys
7/15/2022, 1:08:50 PM - DEBUG - Getting Toys
7/15/2022, 1:09:01 PM - DEBUG - Getting Toys
7/15/2022, 1:09:02 PM - DEBUG - Getting Toys
7/15/2022, 1:09:58 PM - DEBUG - Getting Toys
7/15/2022, 1:10:00 PM - DEBUG - Getting Toys
7/15/2022, 1:10:07 PM - DEBUG - Getting Toys
7/15/2022, 1:10:09 PM - DEBUG - Getting Toys
7/15/2022, 1:10:32 PM - DEBUG - Getting Toys
7/15/2022, 1:10:52 PM - DEBUG - auth.service - login with username: AHatton
7/15/2022, 1:10:52 PM - INFO - User login:  | {"_id":"62d137f2ce8b8212aa4a12ca","fullName":"Chanel Love","username":"AHatton","isAdmin":false}
7/15/2022, 1:11:05 PM - DEBUG - Getting Toys
7/15/2022, 1:14:18 PM - DEBUG - Getting Toys
7/15/2022, 1:14:19 PM - DEBUG - Getting Toys
7/15/2022, 1:14:54 PM - DEBUG - Getting Toys
7/15/2022, 1:14:56 PM - DEBUG - Getting Toys
7/15/2022, 1:15:26 PM - DEBUG - Getting Toys
7/15/2022, 1:15:27 PM - DEBUG - Getting Toys
7/15/2022, 1:15:34 PM - DEBUG - auth.service - login with username: AHatton
7/15/2022, 1:15:34 PM - INFO - User login:  | {"_id":"62d137f2ce8b8212aa4a12ca","fullName":"Chanel Love","username":"AHatton","isAdmin":false}
7/15/2022, 1:16:33 PM - DEBUG - Getting Toys
7/15/2022, 1:16:35 PM - DEBUG - Getting Toys
7/15/2022, 1:18:18 PM - DEBUG - Getting Toys
7/15/2022, 1:18:19 PM - DEBUG - Getting Toys
7/15/2022, 1:18:59 PM - DEBUG - auth.service - signup with username: yak yak, fullname: null
7/15/2022, 1:18:59 PM - ERROR - Failed to signup fullname, username and password are required!
7/15/2022, 1:20:09 PM - INFO - Server is running on port: 3030
7/15/2022, 1:20:11 PM - DEBUG - Getting Toys
7/15/2022, 1:20:12 PM - DEBUG - Getting Toys
7/15/2022, 1:20:18 PM - DEBUG - auth.service - signup with username: yakyak, fullname: null
7/15/2022, 1:20:18 PM - ERROR - Failed to signup fullname, username and password are required!
7/15/2022, 1:21:07 PM - DEBUG - Getting Toys
7/15/2022, 1:21:08 PM - DEBUG - Getting Toys
7/15/2022, 1:21:08 PM - DEBUG - Getting Toys
7/15/2022, 1:21:09 PM - DEBUG - Getting Toys
7/15/2022, 1:21:15 PM - DEBUG - auth.service - signup with username: yakyak, fullname: null
7/15/2022, 1:21:15 PM - ERROR - Failed to signup fullname, username and password are required!
7/15/2022, 1:21:49 PM - DEBUG - Getting Toys
7/15/2022, 1:21:50 PM - DEBUG - Getting Toys
7/15/2022, 1:21:56 PM - DEBUG - auth.service - signup with username: yakyak, fullname: null
7/15/2022, 1:21:56 PM - ERROR - Failed to signup fullname, username and password are required!
7/15/2022, 1:22:39 PM - DEBUG - Getting Toys
7/15/2022, 1:22:40 PM - DEBUG - Getting Toys
7/15/2022, 1:22:44 PM - DEBUG - auth.service - signup with username: DSsad, fullname: null
7/15/2022, 1:22:44 PM - ERROR - Failed to signup fullname, username and password are required!
7/15/2022, 1:23:06 PM - DEBUG - Getting Toys
7/15/2022, 1:23:07 PM - DEBUG - Getting Toys
7/15/2022, 1:23:13 PM - DEBUG - auth.service - signup with username: yakyak, fullname: yakov pertel
7/15/2022, 1:23:13 PM - DEBUG - auth.route - new account created: {"username":"yakyak","password":"$2b$10$dYU.I1P3.S8FpNJZdS8YmeoCyVS9kVZCD9l/iF4XkBm3KbP.ZxvZa","fullname":"yakov pertel","score":0,"_id":"62d14011b8c74d20f573749c"}
7/15/2022, 1:23:13 PM - DEBUG - auth.service - login with username: yakyak
7/15/2022, 1:23:13 PM - INFO - User login:  | {"_id":"62d14011b8c74d20f573749c","username":"yakyak","fullname":"yakov pertel","score":0}
7/15/2022, 1:24:21 PM - DEBUG - Getting Toys
7/15/2022, 1:24:22 PM - DEBUG - Getting Toys
7/15/2022, 1:24:23 PM - DEBUG - Getting Toys
7/15/2022, 1:24:24 PM - DEBUG - Getting Toys
7/15/2022, 1:25:54 PM - DEBUG - auth.service - signup with username: bambina, fullname: holaaa
7/15/2022, 1:25:55 PM - DEBUG - auth.route - new account created: {"username":"bambina","password":"$2b$10$JAmP9i.laxqCSKJ7GgpafuUFhdOzsF8nK0Tt1hOnH8iE9O.8iho2G","fullname":"holaaa","score":0,"_id":"62d140b3b8c74d20f573749d"}
7/15/2022, 1:25:55 PM - DEBUG - auth.service - login with username: bambina
7/15/2022, 1:25:55 PM - INFO - User login:  | {"_id":"62d140b3b8c74d20f573749d","username":"bambina","fullname":"holaaa","score":0}
7/15/2022, 1:26:27 PM - DEBUG - auth.service - signup with username: test, fullname: test
7/15/2022, 1:26:27 PM - DEBUG - auth.route - new account created: {"username":"test","password":"$2b$10$NSFKM9xIAY0F1cU7LNeUeeq5LGsNiIBP3TKbb73BOdf.2O3le6Eae","fullname":"test","score":0,"_id":"62d140d3b8c74d20f573749e"}
7/15/2022, 1:26:27 PM - DEBUG - auth.service - login with username: test
7/15/2022, 1:26:27 PM - INFO - User login:  | {"_id":"62d140d3b8c74d20f573749e","username":"test","fullname":"test","score":0}
7/15/2022, 1:26:33 PM - DEBUG - auth.service - login with username: test
7/15/2022, 1:26:34 PM - INFO - User login:  | {"_id":"62d140d3b8c74d20f573749e","username":"test","fullname":"test","score":0}
7/15/2022, 1:28:15 PM - DEBUG - Getting Toys
7/15/2022, 1:28:16 PM - DEBUG - Getting Toys
7/15/2022, 1:28:25 PM - DEBUG - auth.service - login with username: AHatton
7/15/2022, 1:28:25 PM - INFO - User login:  | {"_id":"62d14050ce8b8212aa4a12cd","fullname":"Chanel Love","username":"AHatton","isAdmin":false}
7/15/2022, 1:34:21 PM - DEBUG - Getting Toys
7/15/2022, 1:34:56 PM - DEBUG - Getting Toys
7/15/2022, 1:34:57 PM - DEBUG - Getting Toys
7/15/2022, 1:34:58 PM - DEBUG - Getting Toys
7/15/2022, 1:35:00 PM - DEBUG - Getting Toys
7/15/2022, 1:35:03 PM - DEBUG - Getting Toys
7/15/2022, 1:35:25 PM - DEBUG - Getting Toys
7/15/2022, 1:35:28 PM - DEBUG - Getting Toys
7/15/2022, 2:37:46 PM - INFO - Server is running on port: 3030
7/15/2022, 2:37:48 PM - DEBUG - Getting Toys
7/15/2022, 2:37:53 PM - DEBUG - Getting Toys
7/15/2022, 2:38:02 PM - DEBUG - Getting Toys
7/15/2022, 2:47:31 PM - DEBUG - Getting Toys
7/15/2022, 2:47:32 PM - DEBUG - Getting Toys
7/15/2022, 2:47:50 PM - DEBUG - Getting Toys
7/15/2022, 2:47:51 PM - DEBUG - Getting Toys
7/15/2022, 2:47:52 PM - DEBUG - Getting Toys
7/15/2022, 2:47:53 PM - DEBUG - Getting Toys
7/15/2022, 2:51:09 PM - DEBUG - Getting Toys
7/15/2022, 2:51:11 PM - DEBUG - Getting Toys
7/15/2022, 2:52:12 PM - DEBUG - Getting Toys
7/15/2022, 2:52:13 PM - DEBUG - Getting Toys
7/15/2022, 2:52:14 PM - DEBUG - Getting Toys
7/15/2022, 2:52:17 PM - DEBUG - Getting Toys
7/15/2022, 2:53:11 PM - DEBUG - Getting Toys
7/15/2022, 2:53:12 PM - DEBUG - Getting Toys
7/15/2022, 2:54:27 PM - DEBUG - Getting Toys
7/15/2022, 2:54:28 PM - DEBUG - Getting Toys
7/15/2022, 2:54:52 PM - DEBUG - Getting Toys
7/15/2022, 2:54:53 PM - DEBUG - Getting Toys
7/15/2022, 2:55:25 PM - DEBUG - auth.service - login with username: AHattunu
7/15/2022, 2:55:25 PM - ERROR - Failed to Login Error: Invalid username or password
7/15/2022, 2:56:05 PM - DEBUG - auth.service - login with username: AHatton
7/15/2022, 2:56:05 PM - INFO - User login:  | {"_id":"62d14050ce8b8212aa4a12cd","fullname":"Chanel Love","username":"AHatton","isAdmin":false}
7/15/2022, 2:57:02 PM - DEBUG - Getting Toys
7/15/2022, 2:57:03 PM - DEBUG - Getting Toys
7/15/2022, 2:57:11 PM - DEBUG - auth.service - login with username: AHatton
7/15/2022, 2:57:11 PM - INFO - User login:  | {"_id":"62d14050ce8b8212aa4a12cd","fullname":"Chanel Love","username":"AHatton","isAdmin":false}
7/15/2022, 2:58:03 PM - DEBUG - auth.service - login with username: AHatton
7/15/2022, 2:58:03 PM - INFO - User login:  | {"_id":"62d14050ce8b8212aa4a12cd","fullname":"Chanel Love","username":"AHatton","isAdmin":false}
7/15/2022, 2:59:18 PM - DEBUG - Getting Toys
7/15/2022, 3:09:26 PM - DEBUG - Getting Toys
7/15/2022, 3:09:29 PM - DEBUG - Getting Toys
7/15/2022, 3:20:12 PM - DEBUG - Getting Toys
7/15/2022, 3:20:13 PM - DEBUG - Getting Toys
7/15/2022, 3:20:37 PM - DEBUG - Getting Toys
7/15/2022, 3:20:38 PM - DEBUG - Getting Toys
7/15/2022, 3:21:00 PM - DEBUG - Getting Toys
7/15/2022, 3:21:01 PM - DEBUG - Getting Toys
7/15/2022, 3:21:32 PM - DEBUG - Getting Toys
7/15/2022, 3:21:33 PM - DEBUG - Getting Toys
7/15/2022, 3:24:59 PM - DEBUG - Getting Toys
7/15/2022, 3:25:00 PM - DEBUG - Getting Toys
7/15/2022, 3:25:33 PM - DEBUG - Getting Toys
7/15/2022, 3:25:48 PM - DEBUG - Getting Toys
7/15/2022, 3:25:54 PM - DEBUG - Getting Toys
7/15/2022, 3:26:00 PM - DEBUG - Getting Toys
7/15/2022, 3:29:56 PM - DEBUG - Getting Toys
7/15/2022, 3:29:57 PM - DEBUG - Getting Toys
7/15/2022, 3:30:03 PM - DEBUG - Getting Toys
7/15/2022, 3:30:03 PM - DEBUG - Getting Toys
7/15/2022, 3:30:04 PM - DEBUG - Getting Toys
7/15/2022, 3:30:42 PM - DEBUG - Getting Toys
7/15/2022, 3:30:43 PM - DEBUG - Getting Toys
7/15/2022, 3:31:06 PM - DEBUG - Getting Toys
7/15/2022, 3:31:09 PM - DEBUG - Getting Toys
7/15/2022, 3:31:19 PM - DEBUG - Getting Toys
7/15/2022, 3:39:58 PM - DEBUG - Getting Toys
7/15/2022, 3:40:00 PM - DEBUG - Getting Toys
7/15/2022, 3:41:13 PM - DEBUG - Getting Toys
7/15/2022, 3:41:14 PM - DEBUG - Getting Toys
7/15/2022, 3:41:15 PM - DEBUG - Getting Toys
7/15/2022, 3:41:39 PM - DEBUG - Getting Toys
7/15/2022, 3:43:31 PM - INFO - Server is running on port: 3030
7/15/2022, 3:46:01 PM - INFO - Server is running on port: 3030
7/15/2022, 3:47:53 PM - DEBUG - auth.service - login with username: AHatton
7/15/2022, 3:47:53 PM - INFO - User login:  | {"_id":"62d14050ce8b8212aa4a12cd","fullname":"Chanel Love","username":"AHatton","isAdmin":false}
7/15/2022, 3:48:23 PM - DEBUG - auth.service - login with username: AHatton
7/15/2022, 3:48:23 PM - INFO - User login:  | {"_id":"62d14050ce8b8212aa4a12cd","fullname":"Chanel Love","username":"AHatton","isAdmin":false}
7/15/2022, 3:52:10 PM - INFO - Server is running on port: 3030
7/15/2022, 3:52:29 PM - INFO - Server is running on port: 3030
7/15/2022, 3:55:00 PM - INFO - Server is running on port: 3030
7/15/2022, 3:55:25 PM - INFO - Server is running on port: 3030
7/15/2022, 3:56:06 PM - INFO - Server is running on port: 3030
7/15/2022, 3:56:07 PM - DEBUG - Getting Toys
7/15/2022, 3:56:08 PM - DEBUG - Getting Toys
7/15/2022, 3:56:13 PM - DEBUG - Getting Toys
7/15/2022, 3:56:31 PM - DEBUG - Getting Toys
7/15/2022, 3:56:46 PM - DEBUG - Getting Toys
7/15/2022, 3:58:08 PM - DEBUG - Getting Toys
7/15/2022, 3:58:09 PM - DEBUG - Getting Toys
7/15/2022, 3:58:23 PM - DEBUG - auth.service - login with username: AHatton
7/15/2022, 3:58:23 PM - INFO - User login:  | {"_id":"62d14050ce8b8212aa4a12cd","fullname":"Chanel Love","username":"AHatton","isAdmin":true}
7/15/2022, 3:58:34 PM - DEBUG - Getting Toys
7/15/2022, 3:58:41 PM - DEBUG - Getting Toys
7/15/2022, 3:59:03 PM - DEBUG - Getting Toys
7/15/2022, 3:59:04 PM - DEBUG - Getting Toys
7/15/2022, 3:59:12 PM - DEBUG - auth.service - login with username: AHatton
7/15/2022, 3:59:12 PM - INFO - User login:  | {"_id":"62d14050ce8b8212aa4a12cd","fullname":"Chanel Love","username":"AHatton","isAdmin":true}
7/15/2022, 3:59:23 PM - DEBUG - Getting Toys
7/15/2022, 4:00:05 PM - INFO - Server is running on port: 3030
7/15/2022, 4:00:28 PM - INFO - Server is running on port: 3030
7/15/2022, 4:00:31 PM - DEBUG - Getting Toys
7/15/2022, 4:00:32 PM - DEBUG - Getting Toys
7/15/2022, 4:00:32 PM - DEBUG - Getting Toys
7/15/2022, 4:00:33 PM - DEBUG - Getting Toys
7/15/2022, 4:00:42 PM - DEBUG - auth.service - login with username: AHatton
7/15/2022, 4:00:42 PM - INFO - User login:  | {"_id":"62d14050ce8b8212aa4a12cd","fullname":"Chanel Love","username":"AHatton","isAdmin":true}
7/15/2022, 4:01:08 PM - INFO - Server is running on port: 3030
7/15/2022, 4:01:18 PM - DEBUG - Getting Toys
7/15/2022, 4:02:33 PM - INFO - Server is running on port: 3030
7/15/2022, 4:02:35 PM - DEBUG - Getting Toys
7/15/2022, 4:02:36 PM - DEBUG - Getting Toys
7/15/2022, 4:03:32 PM - DEBUG - Getting Toys
7/15/2022, 4:03:46 PM - DEBUG - Getting Toys
7/15/2022, 4:03:47 PM - DEBUG - Getting Toys
7/15/2022, 4:03:48 PM - DEBUG - Getting Toys
7/15/2022, 4:03:49 PM - DEBUG - Getting Toys
7/15/2022, 4:03:55 PM - DEBUG - Getting Toys
7/15/2022, 4:04:00 PM - DEBUG - Getting Toys
7/15/2022, 4:04:01 PM - DEBUG - Getting Toys
7/15/2022, 4:05:49 PM - INFO - Server is running on port: 3030
7/15/2022, 4:05:50 PM - DEBUG - Getting Toys
7/15/2022, 4:05:51 PM - DEBUG - Getting Toys
7/15/2022, 4:05:57 PM - DEBUG - Getting Toys
7/15/2022, 4:06:09 PM - INFO - Server is running on port: 3030
7/15/2022, 4:06:19 PM - DEBUG - Getting Toys
7/15/2022, 4:06:26 PM - INFO - Server is running on port: 3030
7/15/2022, 4:06:31 PM - DEBUG - Getting Toys
7/15/2022, 4:06:32 PM - DEBUG - Getting Toys
7/15/2022, 4:06:32 PM - DEBUG - Getting Toys
7/15/2022, 4:06:32 PM - DEBUG - Getting Toys
7/15/2022, 4:06:33 PM - DEBUG - Getting Toys
7/15/2022, 4:06:33 PM - DEBUG - Getting Toys
7/15/2022, 4:06:34 PM - DEBUG - Getting Toys
7/15/2022, 4:06:34 PM - DEBUG - Getting Toys
7/15/2022, 4:06:35 PM - DEBUG - Getting Toys
7/15/2022, 4:06:35 PM - DEBUG - Getting Toys
7/15/2022, 4:06:36 PM - DEBUG - Getting Toys
7/15/2022, 4:06:36 PM - DEBUG - Getting Toys
7/15/2022, 4:06:37 PM - DEBUG - Getting Toys
7/15/2022, 4:06:38 PM - DEBUG - Getting Toys
7/15/2022, 4:06:38 PM - DEBUG - Getting Toys
7/15/2022, 4:06:39 PM - DEBUG - Getting Toys
7/15/2022, 4:06:39 PM - DEBUG - Getting Toys
7/15/2022, 4:06:47 PM - DEBUG - Getting Toys
7/15/2022, 4:06:48 PM - DEBUG - Getting Toys
7/15/2022, 4:06:48 PM - DEBUG - Getting Toys
7/15/2022, 4:07:19 PM - DEBUG - auth.service - login with username: AHatton
7/15/2022, 4:07:19 PM - INFO - User login:  | {"_id":"62d14050ce8b8212aa4a12cd","fullname":"Chanel Love","username":"AHatton","isAdmin":true}
7/15/2022, 4:07:23 PM - DEBUG - Getting Toys
7/15/2022, 4:07:30 PM - DEBUG - Getting Toys
7/15/2022, 4:07:43 PM - DEBUG - Getting Toys
7/15/2022, 4:07:44 PM - DEBUG - Getting Toys
7/15/2022, 4:07:48 PM - DEBUG - Getting Toys
7/15/2022, 4:08:00 PM - DEBUG - auth.service - login with username: AHatton
7/15/2022, 4:08:00 PM - INFO - User login:  | {"_id":"62d14050ce8b8212aa4a12cd","fullname":"Chanel Love","username":"AHatton","isAdmin":true}
7/15/2022, 4:08:07 PM - DEBUG - Getting Toys
7/15/2022, 4:08:14 PM - DEBUG - Getting Toys
7/15/2022, 4:08:41 PM - INFO - Server is running on port: 3030
7/15/2022, 4:08:47 PM - DEBUG - Getting Toys
7/15/2022, 4:08:55 PM - DEBUG - auth.service - login with username: AHatton
7/15/2022, 4:08:55 PM - INFO - User login:  | {"_id":"62d14050ce8b8212aa4a12cd","fullname":"Chanel Love","username":"AHatton","isAdmin":true}
7/15/2022, 4:08:59 PM - DEBUG - Getting Toys
7/15/2022, 4:09:05 PM - DEBUG - Getting Toys
7/15/2022, 4:12:20 PM - INFO - Server is running on port: 3030
7/15/2022, 4:12:27 PM - DEBUG - Getting Toys
7/15/2022, 4:12:28 PM - DEBUG - Getting Toys
7/15/2022, 4:12:30 PM - DEBUG - Getting Toys
7/15/2022, 4:12:31 PM - DEBUG - Getting Toys
7/15/2022, 4:12:31 PM - DEBUG - Getting Toys
7/15/2022, 4:12:32 PM - DEBUG - Getting Toys
7/15/2022, 4:12:32 PM - DEBUG - Getting Toys
7/15/2022, 4:12:33 PM - DEBUG - Getting Toys
7/15/2022, 4:12:33 PM - DEBUG - Getting Toys
7/15/2022, 4:12:33 PM - DEBUG - Getting Toys
7/15/2022, 4:12:41 PM - DEBUG - auth.service - login with username: AHatton
7/15/2022, 4:12:41 PM - INFO - User login:  | {"_id":"62d14050ce8b8212aa4a12cd","fullname":"Chanel Love","username":"AHatton","isAdmin":true}
7/15/2022, 4:12:45 PM - DEBUG - Getting Toys
7/15/2022, 4:13:04 PM - DEBUG - Getting Toys
7/15/2022, 4:13:22 PM - INFO - Server is running on port: 3030
7/15/2022, 4:13:51 PM - INFO - Server is running on port: 3030
7/15/2022, 4:13:57 PM - DEBUG - Getting Toys
7/15/2022, 4:13:59 PM - DEBUG - Getting Toys
7/15/2022, 4:14:01 PM - DEBUG - Getting Toys
7/15/2022, 4:14:01 PM - DEBUG - Getting Toys
7/15/2022, 4:14:10 PM - DEBUG - auth.service - login with username: AHatton
7/15/2022, 4:14:10 PM - INFO - User login:  | {"_id":"62d14050ce8b8212aa4a12cd","fullname":"Chanel Love","username":"AHatton","isAdmin":true}
7/15/2022, 4:14:17 PM - DEBUG - Getting Toys
7/15/2022, 4:14:21 PM - DEBUG - Getting Toys
7/15/2022, 4:15:23 PM - INFO - Server is running on port: 3030
7/15/2022, 4:15:25 PM - DEBUG - Getting Toys
7/15/2022, 4:15:26 PM - DEBUG - Getting Toys
7/15/2022, 4:16:25 PM - INFO - Server is running on port: 3030
7/15/2022, 4:16:28 PM - DEBUG - Getting Toys
7/15/2022, 4:16:31 PM - DEBUG - Getting Toys
7/15/2022, 4:16:43 PM - DEBUG - auth.service - login with username: AHatton
7/15/2022, 4:16:43 PM - INFO - User login:  | {"_id":"62d14050ce8b8212aa4a12cd","fullname":"Chanel Love","username":"AHatton","isAdmin":true}
7/15/2022, 4:16:47 PM - DEBUG - Getting Toys
7/15/2022, 4:17:42 PM - INFO - Server is running on port: 3030
7/15/2022, 4:17:44 PM - DEBUG - Getting Toys
7/15/2022, 4:17:45 PM - DEBUG - Getting Toys
7/15/2022, 4:17:46 PM - DEBUG - Getting Toys
7/15/2022, 4:17:47 PM - DEBUG - Getting Toys
7/15/2022, 4:17:47 PM - DEBUG - Getting Toys
7/15/2022, 4:17:47 PM - DEBUG - Getting Toys
7/15/2022, 4:17:59 PM - DEBUG - auth.service - login with username: AHatton
7/15/2022, 4:17:59 PM - INFO - User login:  | {"_id":"62d14050ce8b8212aa4a12cd","fullname":"Chanel Love","username":"AHatton","isAdmin":true}
7/15/2022, 4:18:03 PM - DEBUG - Getting Toys
7/15/2022, 4:19:30 PM - INFO - Server is running on port: 3030
7/15/2022, 4:21:26 PM - DEBUG - Getting Toys
7/15/2022, 4:21:27 PM - DEBUG - Getting Toys
7/15/2022, 4:21:35 PM - DEBUG - Getting Toys
7/15/2022, 4:21:36 PM - DEBUG - Getting Toys
7/15/2022, 4:21:42 PM - DEBUG - Getting Toys
7/15/2022, 4:21:55 PM - DEBUG - Getting Toys
7/15/2022, 4:22:32 PM - DEBUG - auth.service - login with username: SAubut
7/15/2022, 4:22:32 PM - INFO - User login:  | {"_id":"62d14050ce8b8212aa4a12cc","fullname":"Sheldon Haag","username":"SAubut","isAdmin":false}
7/15/2022, 4:22:36 PM - DEBUG - Getting Toys
7/15/2022, 4:25:39 PM - DEBUG - Getting Toys
7/15/2022, 4:25:46 PM - DEBUG - Getting Toys
7/15/2022, 4:25:52 PM - DEBUG - Getting Toys
7/15/2022, 4:28:56 PM - DEBUG - Getting Toys
7/15/2022, 4:29:33 PM - DEBUG - auth.service - login with username: AHatton
7/15/2022, 4:29:33 PM - INFO - User login:  | {"_id":"62d14050ce8b8212aa4a12cd","fullname":"Chanel Love","username":"AHatton","isAdmin":true}
7/15/2022, 4:29:39 PM - DEBUG - Getting Toys
7/15/2022, 4:30:35 PM - DEBUG - Getting Toys
7/15/2022, 4:30:37 PM - DEBUG - Getting Toys
7/15/2022, 4:30:38 PM - DEBUG - Getting Toys
7/15/2022, 4:30:39 PM - DEBUG - Getting Toys
7/15/2022, 4:30:40 PM - DEBUG - Getting Toys
7/15/2022, 4:30:41 PM - DEBUG - Getting Toys
7/15/2022, 4:30:50 PM - DEBUG - auth.service - login with username: AHatton
7/15/2022, 4:30:51 PM - INFO - User login:  | {"_id":"62d14050ce8b8212aa4a12cd","fullname":"Chanel Love","username":"AHatton","isAdmin":true}
7/15/2022, 4:30:58 PM - DEBUG - Getting Toys
7/15/2022, 4:30:59 PM - DEBUG - Getting Toys
7/15/2022, 4:32:23 PM - DEBUG - Getting Toys
7/15/2022, 4:32:24 PM - DEBUG - Getting Toys
7/15/2022, 4:32:25 PM - DEBUG - Getting Toys
7/15/2022, 4:32:35 PM - DEBUG - Getting Toys
7/15/2022, 4:33:03 PM - DEBUG - Getting Toys
7/15/2022, 4:33:11 PM - DEBUG - auth.service - login with username: AHatton
7/15/2022, 4:33:11 PM - INFO - User login:  | {"_id":"62d14050ce8b8212aa4a12cd","fullname":"Chanel Love","username":"AHatton","isAdmin":true}
7/15/2022, 4:33:15 PM - DEBUG - Getting Toys
7/15/2022, 4:33:25 PM - DEBUG - Getting Toys
7/15/2022, 4:33:35 PM - DEBUG - auth.service - login with username: AHatton
7/15/2022, 4:33:36 PM - INFO - User login:  | {"_id":"62d14050ce8b8212aa4a12cd","fullname":"Chanel Love","username":"AHatton","isAdmin":true}
7/15/2022, 4:36:06 PM - DEBUG - Getting Toys
7/15/2022, 4:36:07 PM - DEBUG - Getting Toys
7/15/2022, 4:36:08 PM - DEBUG - Getting Toys
7/15/2022, 4:36:12 PM - DEBUG - Getting Toys
7/15/2022, 4:36:20 PM - DEBUG - auth.service - login with username: AHatton
7/15/2022, 4:36:20 PM - INFO - User login:  | {"_id":"62d14050ce8b8212aa4a12cd","fullname":"Chanel Love","username":"AHatton","isAdmin":true}
7/15/2022, 4:36:20 PM - DEBUG - Getting Toys
7/15/2022, 4:36:21 PM - DEBUG - Getting Toys
7/15/2022, 4:36:53 PM - DEBUG - Getting Toys
7/15/2022, 4:36:54 PM - DEBUG - Getting Toys
7/15/2022, 4:36:55 PM - DEBUG - Getting Toys
7/15/2022, 4:36:55 PM - DEBUG - Getting Toys
7/15/2022, 4:36:55 PM - DEBUG - Getting Toys
7/15/2022, 4:36:56 PM - DEBUG - Getting Toys
7/15/2022, 4:36:57 PM - DEBUG - Getting Toys
7/15/2022, 4:36:58 PM - DEBUG - Getting Toys
7/15/2022, 4:36:58 PM - DEBUG - Getting Toys
7/15/2022, 4:36:59 PM - DEBUG - Getting Toys
7/15/2022, 4:37:06 PM - DEBUG - Getting Toys
7/15/2022, 4:37:18 PM - DEBUG - Getting Toys
7/15/2022, 4:37:43 PM - DEBUG - auth.service - login with username: AHatton
7/15/2022, 4:37:43 PM - INFO - User login:  | {"_id":"62d14050ce8b8212aa4a12cd","fullname":"Chanel Love","username":"AHatton","isAdmin":true}
7/15/2022, 4:37:43 PM - DEBUG - Getting Toys
7/15/2022, 4:38:29 PM - DEBUG - auth.service - login with username: AHatton
7/15/2022, 4:38:29 PM - INFO - User login:  | {"_id":"62d14050ce8b8212aa4a12cd","fullname":"Chanel Love","username":"AHatton","isAdmin":true}
7/15/2022, 4:38:29 PM - DEBUG - Getting Toys
7/15/2022, 4:38:33 PM - DEBUG - Getting Toys
7/15/2022, 4:38:34 PM - DEBUG - Getting Toys
7/15/2022, 4:38:37 PM - DEBUG - Getting Toys
7/15/2022, 4:38:44 PM - DEBUG - auth.service - login with username: AHatton
7/15/2022, 4:38:44 PM - INFO - User login:  | {"_id":"62d14050ce8b8212aa4a12cd","fullname":"Chanel Love","username":"AHatton","isAdmin":true}
7/15/2022, 4:38:48 PM - DEBUG - Getting Toys
7/15/2022, 4:38:49 PM - DEBUG - Getting Toys
7/15/2022, 4:38:53 PM - DEBUG - Getting Toys
7/15/2022, 4:39:03 PM - DEBUG - Getting Toys
7/15/2022, 4:39:12 PM - DEBUG - auth.service - login with username: SAubut
7/15/2022, 4:39:12 PM - INFO - User login:  | {"_id":"62d14050ce8b8212aa4a12cc","fullname":"Sheldon Haag","username":"SAubut","isAdmin":false}
7/15/2022, 4:39:12 PM - DEBUG - Getting Toys
7/15/2022, 4:39:33 PM - DEBUG - Getting Toys
7/15/2022, 4:39:34 PM - DEBUG - Getting Toys
7/15/2022, 4:39:44 PM - DEBUG - auth.service - login with username: NHammant
7/15/2022, 4:39:44 PM - INFO - User login:  | {"_id":"62d14050ce8b8212aa4a12ce","fullname":"Meera Eubanks","username":"NHammant","isAdmin":false}
7/15/2022, 4:39:44 PM - DEBUG - Getting Toys
7/15/2022, 4:39:47 PM - DEBUG - Getting Toys
7/15/2022, 4:39:48 PM - DEBUG - Getting Toys
7/15/2022, 4:39:48 PM - DEBUG - Getting Toys
7/15/2022, 4:39:48 PM - DEBUG - Getting Toys
7/15/2022, 4:39:49 PM - DEBUG - Getting Toys
7/15/2022, 4:39:49 PM - DEBUG - Getting Toys
7/15/2022, 4:39:49 PM - DEBUG - Getting Toys
7/15/2022, 4:39:49 PM - DEBUG - Getting Toys
7/15/2022, 4:39:49 PM - DEBUG - Getting Toys
7/15/2022, 4:39:50 PM - DEBUG - Getting Toys
7/15/2022, 4:40:04 PM - DEBUG - auth.service - login with username: NHammant
7/15/2022, 4:40:04 PM - INFO - User login:  | {"_id":"62d14050ce8b8212aa4a12ce","fullname":"Meera Eubanks","username":"NHammant","isAdmin":false}
7/15/2022, 4:40:04 PM - DEBUG - Getting Toys
7/15/2022, 4:40:05 PM - DEBUG - Getting Toys
7/15/2022, 4:40:12 PM - DEBUG - Getting Toys
7/15/2022, 4:40:13 PM - DEBUG - Getting Toys
7/15/2022, 4:40:22 PM - DEBUG - auth.service - login with username: AHatton
7/15/2022, 4:40:23 PM - INFO - User login:  | {"_id":"62d14050ce8b8212aa4a12cd","fullname":"Chanel Love","username":"AHatton","isAdmin":true}
7/15/2022, 4:40:23 PM - DEBUG - Getting Toys
7/15/2022, 4:40:31 PM - DEBUG - auth.service - login with username: AHatton
7/15/2022, 4:40:31 PM - INFO - User login:  | {"_id":"62d14050ce8b8212aa4a12cd","fullname":"Chanel Love","username":"AHatton","isAdmin":true}
7/15/2022, 4:40:31 PM - DEBUG - Getting Toys
7/15/2022, 4:41:08 PM - DEBUG - auth.service - login with username: AHatton
7/15/2022, 4:41:08 PM - INFO - User login:  | {"_id":"62d14050ce8b8212aa4a12cd","fullname":"Chanel Love","username":"AHatton","isAdmin":true}
7/15/2022, 4:41:08 PM - DEBUG - Getting Toys
7/15/2022, 4:41:26 PM - DEBUG - auth.service - login with username: dgfsdf
7/15/2022, 4:41:26 PM - ERROR - Failed to Login Error: Invalid username or password
7/15/2022, 4:41:27 PM - DEBUG - Getting Toys
7/15/2022, 4:41:43 PM - DEBUG - auth.service - login with username: AHatton
7/15/2022, 4:41:43 PM - INFO - User login:  | {"_id":"62d14050ce8b8212aa4a12cd","fullname":"Chanel Love","username":"AHatton","isAdmin":true}
7/15/2022, 4:41:43 PM - DEBUG - Getting Toys
7/15/2022, 4:41:49 PM - DEBUG - Getting Toys
7/15/2022, 4:41:49 PM - DEBUG - Getting Toys
7/15/2022, 4:41:49 PM - DEBUG - Getting Toys
7/15/2022, 4:41:50 PM - DEBUG - Getting Toys
7/15/2022, 4:41:50 PM - DEBUG - Getting Toys
7/15/2022, 4:41:58 PM - DEBUG - auth.service - login with username: AHatton
7/15/2022, 4:41:58 PM - INFO - User login:  | {"_id":"62d14050ce8b8212aa4a12cd","fullname":"Chanel Love","username":"AHatton","isAdmin":true}
7/15/2022, 4:41:58 PM - DEBUG - Getting Toys
7/15/2022, 4:41:59 PM - DEBUG - Getting Toys
7/15/2022, 4:42:01 PM - DEBUG - Getting Toys
7/15/2022, 4:42:10 PM - DEBUG - auth.service - login with username: AHatton
7/15/2022, 4:42:10 PM - INFO - User login:  | {"_id":"62d14050ce8b8212aa4a12cd","fullname":"Chanel Love","username":"AHatton","isAdmin":true}
7/15/2022, 4:42:11 PM - DEBUG - Getting Toys
7/15/2022, 4:42:12 PM - DEBUG - Getting Toys
7/15/2022, 4:42:13 PM - DEBUG - Getting Toys
7/15/2022, 4:42:23 PM - DEBUG - auth.service - login with username: AHatton
7/15/2022, 4:42:23 PM - INFO - User login:  | {"_id":"62d14050ce8b8212aa4a12cd","fullname":"Chanel Love","username":"AHatton","isAdmin":true}
7/15/2022, 4:42:23 PM - DEBUG - Getting Toys
7/15/2022, 4:42:24 PM - DEBUG - Getting Toys
7/15/2022, 4:42:25 PM - DEBUG - Getting Toys
7/15/2022, 4:42:33 PM - DEBUG - auth.service - login with username: SAubut
7/15/2022, 4:42:33 PM - INFO - User login:  | {"_id":"62d14050ce8b8212aa4a12cc","fullname":"Sheldon Haag","username":"SAubut","isAdmin":false}
7/15/2022, 4:42:34 PM - DEBUG - Getting Toys
7/15/2022, 4:42:35 PM - DEBUG - Getting Toys
7/15/2022, 4:42:37 PM - DEBUG - Getting Toys
7/15/2022, 5:22:32 PM - DEBUG - Getting Toys
7/15/2022, 5:22:47 PM - DEBUG - auth.service - login with username: AHatton
7/15/2022, 5:22:47 PM - INFO - User login:  | {"_id":"62d14050ce8b8212aa4a12cd","fullname":"Chanel Love","username":"AHatton","isAdmin":true}
7/15/2022, 5:22:47 PM - DEBUG - Getting Toys
7/15/2022, 5:22:48 PM - DEBUG - Getting Toys
7/15/2022, 5:23:42 PM - DEBUG - Getting Toys
7/15/2022, 5:23:45 PM - DEBUG - Getting Toys
7/15/2022, 5:23:54 PM - DEBUG - Getting Toys
7/15/2022, 8:27:53 PM - DEBUG - Getting Toys
7/15/2022, 11:44:29 PM - DEBUG - Getting Toys
7/16/2022, 3:01:25 AM - DEBUG - Getting Toys
7/16/2022, 6:18:20 AM - DEBUG - Getting Toys
7/16/2022, 8:26:50 AM - DEBUG - Getting Toys
